<?xml version="1.0" encoding="UTF-8"?>
<testng-results skipped="0" failed="0" ignored="1" total="6" passed="5">
  <reporter-output>
  </reporter-output>
  <suite name="testcasessuite" duration-ms="141" started-at="2020-12-02T17:47:53Z" finished-at="2020-12-02T17:47:53Z">
    <groups>
    </groups>
    <test name="testcases" duration-ms="141" started-at="2020-12-02T17:47:53Z" finished-at="2020-12-02T17:47:53Z">
      <class name="testNG.DriveCar">
        <test-method status="PASS" signature="startCar()[pri:0, instance:testNG.DriveCar@5ae9a829]" name="startCar" duration-ms="16" started-at="2020-12-02T23:17:53Z" finished-at="2020-12-02T23:17:53Z">
          <reporter-output>
          </reporter-output>
        </test-method> <!-- startCar -->
        <test-method status="PASS" signature="firstGear()[pri:1, instance:testNG.DriveCar@5ae9a829]" name="firstGear" duration-ms="16" started-at="2020-12-02T23:17:53Z" finished-at="2020-12-02T23:17:53Z">
          <reporter-output>
          </reporter-output>
        </test-method> <!-- firstGear -->
        <test-method status="PASS" signature="secondGear()[pri:2, instance:testNG.DriveCar@5ae9a829]" name="secondGear" duration-ms="0" started-at="2020-12-02T23:17:53Z" finished-at="2020-12-02T23:17:53Z">
          <reporter-output>
          </reporter-output>
        </test-method> <!-- secondGear -->
        <test-method status="PASS" signature="thirdGear()[pri:3, instance:testNG.DriveCar@5ae9a829]" name="thirdGear" duration-ms="0" started-at="2020-12-02T23:17:53Z" finished-at="2020-12-02T23:17:53Z">
          <reporter-output>
          </reporter-output>
        </test-method> <!-- thirdGear -->
        <test-method status="PASS" signature="turnonmusic()[pri:5, instance:testNG.DriveCar@5ae9a829]" name="turnonmusic" duration-ms="0" started-at="2020-12-02T23:17:53Z" finished-at="2020-12-02T23:17:53Z">
          <reporter-output>
          </reporter-output>
        </test-method> <!-- turnonmusic -->
      </class> <!-- testNG.DriveCar -->
    </test> <!-- testcases -->
  </suite> <!-- testcasessuite -->
</testng-results>
