<?xml version="1.0" encoding="UTF-8"?>
<!-- Generated by org.testng.reporters.JUnitXMLReporter -->
<testsuite hostname="DESKTOP-FN7FNI3" ignored="1" name="testcases" tests="5" failures="0" timestamp="02 Dec 2020 17:47:53 GMT" time="0.141" errors="0">
  <testcase name="startCar" time="0.016" classname="testNG.DriveCar"/>
  <testcase name="firstGear" time="0.016" classname="testNG.DriveCar"/>
  <testcase name="secondGear" time="0.0" classname="testNG.DriveCar"/>
  <testcase name="thirdGear" time="0.0" classname="testNG.DriveCar"/>
  <testcase name="turnonmusic" time="0.0" classname="testNG.DriveCar"/>
  <testcase name="fourthGear" time="0.0" classname="testNG.DriveCar">
    <ignored/>
  </testcase> <!-- fourthGear -->
</testsuite> <!-- testcases -->
