<?xml version="1.0" encoding="UTF-8"?>
<!-- Generated by org.testng.reporters.JUnitXMLReporter -->
<testsuite hostname="DESKTOP-FN7FNI3" ignored="0" name="Default test" tests="6" failures="0" timestamp="02 Dec 2020 14:59:04 GMT" time="0.165" errors="0">
  <testcase name="apple1" time="0.032" classname="testNG.groupingmethod"/>
  <testcase name="apple2" time="0.021" classname="testNG.groupingmethod"/>
  <testcase name="moto1" time="0.005" classname="testNG.groupingmethod"/>
  <testcase name="moto2" time="0.0" classname="testNG.groupingmethod"/>
  <testcase name="vivo1" time="0.0" classname="testNG.groupingmethod"/>
  <testcase name="vivo2" time="0.015" classname="testNG.groupingmethod"/>
</testsuite> <!-- Default test -->
